#
# An unexpected error has been detected by HotSpot Virtual Machine:
#
#  EXCEPTION_ACCESS_VIOLATION (0xc0000005) at pc=0x0ff2d800, pid=3552, tid=1380
#
# Java VM: Java HotSpot(TM) Client VM (1.5.0_22-b03 mixed mode)
# Problematic frame:
# C  [odejava.dll+0xd800]
#

---------------  T H R E A D  ---------------

Current thread (0x0cffaea0):  JavaThread "Physics Thread" daemon [_thread_in_native, id=1380]

siginfo: ExceptionCode=0xc0000005, reading address 0x000000dc

Registers:
EAX=0x1b7b8ae0, EBX=0x00000003, ECX=0x000000dc, EDX=0x1278f858
ESP=0x1278f84c, EBP=0x1069321c, ESI=0x1278f8f0, EDI=0x00000000
EIP=0x0ff2d800, EFLAGS=0x00010246

Top of Stack: (sp=0x1278f84c)
0x1278f84c:   0ff4b49f 1b7b8a90 0000000c 1278f95c
0x1278f85c:   00000000 b7a04b6b 387f55af 3f800000
0x1278f86c:   106938b0 00000000 bf800000 0ff3897d
0x1278f87c:   1b7b8ae0 10693210 1b7b8a90 1278f95c
0x1278f88c:   00000006 0ff3d136 1278f8f0 10690218
0x1278f89c:   10690050 106919b4 0ff2af67 00000000
0x1278f8ac:   00000006 106930d8 106919c0 106930d0
0x1278f8bc:   00000012 106930e8 42c80000 10693670 

Instructions: (pc=0x0ff2d800)
0x0ff2d7f0:   d9 41 08 d8 48 04 de c1 d9 5a 0c c3 cc cc cc cc
0x0ff2d800:   d9 01 d8 08 d9 40 04 d8 49 04 de e9 d9 40 08 d8 


Stack: [0x10790000,0x12790000),  sp=0x1278f84c,  free space=32766k
Native frames: (J=compiled Java code, j=interpreted, Vv=VM code, C=native code)
C  [odejava.dll+0xd800]

Java frames: (J=compiled Java code, j=interpreted, Vv=VM code)
j  org.odejava.ode.OdeJNI.dWorldQuickStep(JF)V+0
J  com.jmex.physics.impl.ode.OdePhysicsSpace.computeTimeStep()V
J  com.jmex.physics.impl.ode.OdePhysicsSpace.update(F)V
v  ~RuntimeStub::alignment_frame_return Runtime1 stub
j  com.golemgame.states.physics.ode.OdePhysicsMonitoredMultithreadedGameState$OdePhysicsRunnable.updatePhysics(F)V+8
j  com.golemgame.states.physics.PhysicsMonitoredMultithreadedGameState$PhysicsRunnable.update(F)V+68
J  com.golemgame.states.physics.PhysicsMonitoredMultithreadedGameState$PhysicsRunnable.run()V
v  ~OSRAdapter
j  java.lang.Thread.run()V+11
v  ~StubRoutines::call_stub

---------------  P R O C E S S  ---------------

Java Threads: ( => current thread )
  0x15a8d9c0 JavaThread "Sound Scene" daemon [_thread_in_Java, id=4004]
  0x12cda3f8 JavaThread "pool-2-thread-1" [_thread_blocked, id=2160]
  0x0ce1de88 JavaThread "Timer-1" daemon [_thread_blocked, id=1076]
  0x0cd81af0 JavaThread "pool-1-thread-3" [_thread_blocked, id=704]
  0x0d28fd48 JavaThread "Thread-6" daemon [_thread_blocked, id=2540]
  0x0d239188 JavaThread "Timer-0" daemon [_thread_blocked, id=3888]
  0x0d118080 JavaThread "Main Audio Thread" daemon [_thread_blocked, id=2748]
  0x0ce5b618 JavaThread "Java2D Disposer" daemon [_thread_blocked, id=2648]
  0x0d108460 JavaThread "Loading Thread" daemon [_thread_blocked, id=3520]
  0x0ce5c9e8 JavaThread "Physics Monitoring Thread" daemon [_thread_blocked, id=1700]
=>0x0cffaea0 JavaThread "Physics Thread" daemon [_thread_in_native, id=1380]
  0x0cfa0d98 JavaThread "pool-1-thread-2" [_thread_blocked, id=3464]
  0x003ea228 JavaThread "DestroyJavaVM" [_thread_blocked, id=1896]
  0x0ce8fd38 JavaThread "AWT-Windows" daemon [_thread_in_native, id=1116]
  0x0ce43070 JavaThread "OpenGL" [_thread_blocked, id=3548]
  0x00355780 JavaThread "Low Memory Detector" daemon [_thread_blocked, id=200]
  0x0034c1b0 JavaThread "CompilerThread0" daemon [_thread_blocked, id=2500]
  0x0034b608 JavaThread "Signal Dispatcher" daemon [_thread_blocked, id=1260]
  0x00348010 JavaThread "JDWP Command Reader" daemon [_thread_in_native, id=3572]
  0x00348ef0 JavaThread "JDWP Event Helper Thread" daemon [_thread_blocked, id=1704]
  0x00334a78 JavaThread "JDWP Transport Listener: dt_socket" daemon [_thread_blocked, id=3276]
  0x003340f0 JavaThread "Finalizer" daemon [_thread_blocked, id=3036]
  0x00331b18 JavaThread "Reference Handler" daemon [_thread_blocked, id=1444]

Other Threads:
  0x0032f290 VMThread [id=3136]
  0x0034c100 WatcherThread [id=992]

VM state:not at safepoint (normal execution)

VM Mutex/Monitor currently owned by a thread: None

Heap
 def new generation   total 4544K, used 4333K [0x04120000, 0x04600000, 0x04600000)
  eden space 4096K, 100% used [0x04120000, 0x04520000, 0x04520000)
  from space 448K,  53% used [0x04590000, 0x045cb6d0, 0x04600000)
  to   space 448K,   0% used [0x04520000, 0x04520000, 0x04590000)
 tenured generation   total 60544K, used 60543K [0x04600000, 0x08120000, 0x08120000)
   the space 60544K,  99% used [0x04600000, 0x0811fff8, 0x08120000, 0x08120000)
 compacting perm gen  total 14848K, used 14799K [0x08120000, 0x08fa0000, 0x0c120000)
   the space 14848K,  99% used [0x08120000, 0x08f93f48, 0x08f94000, 0x08fa0000)
No shared spaces configured.

Dynamic libraries:
0x00400000 - 0x0040d000 	C:\Program Files (x86)\Java\jdk1.5.0_22\bin\javaw.exe
0x77000000 - 0x77180000 	C:\Windows\SysWOW64\ntdll.dll
0x768f0000 - 0x769f0000 	C:\Windows\syswow64\kernel32.dll
0x76a90000 - 0x76ad6000 	C:\Windows\syswow64\KERNELBASE.dll
0x74ce0000 - 0x74d80000 	C:\Windows\syswow64\ADVAPI32.dll
0x75200000 - 0x752ac000 	C:\Windows\syswow64\msvcrt.dll
0x769f0000 - 0x76a09000 	C:\Windows\SysWOW64\sechost.dll
0x76800000 - 0x768f0000 	C:\Windows\syswow64\RPCRT4.dll
0x74b70000 - 0x74bd0000 	C:\Windows\syswow64\SspiCli.dll
0x74b60000 - 0x74b6c000 	C:\Windows\syswow64\CRYPTBASE.dll
0x74d80000 - 0x74e80000 	C:\Windows\syswow64\USER32.dll
0x75080000 - 0x75110000 	C:\Windows\syswow64\GDI32.dll
0x76fd0000 - 0x76fda000 	C:\Windows\syswow64\LPK.dll
0x74c40000 - 0x74cdd000 	C:\Windows\syswow64\USP10.dll
0x757a0000 - 0x75800000 	C:\Windows\system32\IMM32.DLL
0x756d0000 - 0x7579c000 	C:\Windows\syswow64\MSCTF.dll
0x6fa00000 - 0x6fa35000 	C:\PROGRA~2\Sophos\SOPHOS~1\SOPHOS~1.DLL
0x74c30000 - 0x74c35000 	C:\Windows\syswow64\PSAPI.DLL
0x6d740000 - 0x6d8de000 	C:\Program Files (x86)\Java\jdk1.5.0_22\jre\bin\client\jvm.dll
0x746f0000 - 0x74722000 	C:\Windows\system32\WINMM.dll
0x72fd0000 - 0x7301b000 	C:\Windows\system32\apphelp.dll
0x6d300000 - 0x6d308000 	C:\Program Files (x86)\Java\jdk1.5.0_22\jre\bin\hpi.dll
0x6d400000 - 0x6d435000 	C:\Program Files (x86)\Java\jdk1.5.0_22\jre\bin\jdwp.dll
0x6d710000 - 0x6d71c000 	C:\Program Files (x86)\Java\jdk1.5.0_22\jre\bin\verify.dll
0x6d380000 - 0x6d39d000 	C:\Program Files (x86)\Java\jdk1.5.0_22\jre\bin\java.dll
0x6d730000 - 0x6d73f000 	C:\Program Files (x86)\Java\jdk1.5.0_22\jre\bin\zip.dll
0x6d290000 - 0x6d297000 	C:\Program Files (x86)\Java\jdk1.5.0_22\jre\bin\dt_socket.dll
0x75820000 - 0x75855000 	C:\Windows\syswow64\WS2_32.dll
0x74c20000 - 0x74c26000 	C:\Windows\syswow64\NSI.dll
0x73ff0000 - 0x74000000 	C:\Windows\system32\NLAapi.dll
0x74040000 - 0x7407c000 	C:\Windows\System32\mswsock.dll
0x73fa0000 - 0x73fe4000 	C:\Windows\system32\DNSAPI.dll
0x73f90000 - 0x73f98000 	C:\Windows\System32\winrnr.dll
0x73f80000 - 0x73f90000 	C:\Windows\system32\napinsp.dll
0x73f60000 - 0x73f72000 	C:\Windows\system32\pnrpnsp.dll
0x73f50000 - 0x73f5d000 	C:\Windows\system32\wshbth.dll
0x73f20000 - 0x73f45000 	C:\Program Files (x86)\Bonjour\mdnsNSP.dll
0x74740000 - 0x7475c000 	C:\Windows\system32\Iphlpapi.DLL
0x74730000 - 0x74737000 	C:\Windows\system32\WINNSI.DLL
0x73bb0000 - 0x73be8000 	C:\Windows\System32\fwpuclnt.dll
0x73d90000 - 0x73d96000 	C:\Windows\system32\rasadhlp.dll
0x74030000 - 0x74035000 	C:\Windows\System32\wshtcpip.dll
0x6d070000 - 0x6d1e0000 	C:\Program Files (x86)\Java\jdk1.5.0_22\jre\bin\awt.dll
0x74340000 - 0x74391000 	C:\Windows\system32\WINSPOOL.DRV
0x75400000 - 0x7555c000 	C:\Windows\syswow64\ole32.dll
0x6d200000 - 0x6d22f000 	C:\Program Files (x86)\Java\jdk1.5.0_22\jre\bin\cmm.dll
0x6d440000 - 0x6d460000 	C:\Program Files (x86)\Java\jdk1.5.0_22\jre\bin\jpeg.dll
0x74a50000 - 0x74a66000 	C:\Windows\system32\CRYPTSP.dll
0x74a10000 - 0x74a4b000 	C:\Windows\system32\rsaenh.dll
0x74a80000 - 0x74a97000 	C:\Windows\system32\USERENV.dll
0x74a70000 - 0x74a7b000 	C:\Windows\system32\profapi.dll
0x6d540000 - 0x6d553000 	C:\Program Files (x86)\Java\jdk1.5.0_22\jre\bin\net.dll
0x73da0000 - 0x73da6000 	C:\Windows\System32\wship6.dll
0x10000000 - 0x10057000 	C:\Users\Sam\workspaceGolems\golems\lib\native\lwjgl.dll
0x736a0000 - 0x73768000 	C:\Windows\system32\OPENGL32.dll
0x73810000 - 0x73832000 	C:\Windows\system32\GLU32.dll
0x0d830000 - 0x0d917000 	C:\Windows\system32\DDRAW.dll
0x6d4b0000 - 0x6d4b6000 	C:\Windows\system32\DCIMAN32.dll
0x74e80000 - 0x7501d000 	C:\Windows\syswow64\SETUPAPI.dll
0x75140000 - 0x75167000 	C:\Windows\syswow64\CFGMGR32.dll
0x752b0000 - 0x7533f000 	C:\Windows\syswow64\OLEAUT32.dll
0x75800000 - 0x75812000 	C:\Windows\syswow64\DEVOBJ.dll
0x72c60000 - 0x72c73000 	C:\Windows\system32\dwmapi.dll
0x74780000 - 0x74789000 	C:\Windows\system32\VERSION.dll
0x72d30000 - 0x72db0000 	C:\Windows\system32\uxtheme.dll
0x69500000 - 0x69f46000 	C:\Windows\system32\nvoglv32.DLL
0x0ff20000 - 0x0ff7d000 	C:\Users\Sam\workspaceGolems\golems\lib\native\odejava.dll
0x6d2b0000 - 0x6d300000 	C:\Program Files (x86)\Java\jdk1.5.0_22\jre\bin\fontmanager.dll
0x6d560000 - 0x6d569000 	C:\Program Files (x86)\Java\jdk1.5.0_22\jre\bin\nio.dll
0x73570000 - 0x73699000 	C:\Users\Sam\workspaceGolems\golems\lib\native\OpenAL32.dll
0x75a70000 - 0x766b9000 	C:\Windows\syswow64\SHELL32.dll
0x75670000 - 0x756c7000 	C:\Windows\syswow64\SHLWAPI.dll
0x6d580000 - 0x6d5f2000 	C:\Windows\system32\dsound.dll
0x10430000 - 0x10455000 	C:\Windows\system32\POWRPROF.dll
0x75370000 - 0x753f3000 	C:\Windows\syswow64\CLBCatQ.DLL
0x722e0000 - 0x72319000 	C:\Windows\System32\MMDevApi.dll
0x74090000 - 0x74185000 	C:\Windows\System32\PROPSYS.dll
0x73390000 - 0x733c0000 	C:\Windows\system32\wdmaud.drv
0x722d0000 - 0x722d4000 	C:\Windows\system32\ksuser.dll
0x72b60000 - 0x72b67000 	C:\Windows\system32\AVRT.dll
0x72250000 - 0x72286000 	C:\Windows\system32\AUDIOSES.DLL
0x722c0000 - 0x722c8000 	C:\Windows\system32\msacm32.drv
0x72d10000 - 0x72d24000 	C:\Windows\system32\MSACM32.dll
0x722b0000 - 0x722b7000 	C:\Windows\system32\midimap.dll
0x6d230000 - 0x6d253000 	C:\Program Files (x86)\Java\jdk1.5.0_22\jre\bin\dcpr.dll
0x75170000 - 0x751f4000 	C:\Windows\WinSxS\x86_microsoft.windows.common-controls_6595b64144ccf1df_5.82.7600.16385_none_ebf82fc36c758ad5\comctl32.dll
0x71e70000 - 0x7200e000 	C:\Windows\WinSxS\x86_microsoft.windows.common-controls_6595b64144ccf1df_6.0.7600.16385_none_421189da2b7fabfc\comctl32.dll
0x72b70000 - 0x72b91000 	C:\Windows\system32\ntmarta.dll
0x74bd0000 - 0x74c15000 	C:\Windows\syswow64\WLDAP32.dll
0x6b4d0000 - 0x6b668000 	C:\Windows\system32\NetworkExplorer.dll
0x73ce0000 - 0x73d0e000 	C:\Windows\System32\shdocvw.dll
0x73db0000 - 0x73dba000 	C:\Windows\system32\slc.dll
0x73dd0000 - 0x73ecb000 	C:\Windows\system32\WindowsCodecs.dll
0x73d50000 - 0x73d81000 	C:\Windows\system32\EhStorShell.dll
0x73c70000 - 0x73cdf000 	C:\Windows\system32\ntshrui.dll
0x747a0000 - 0x747b9000 	C:\Windows\system32\srvcli.dll
0x73dc0000 - 0x73dcb000 	C:\Windows\system32\cscapi.dll

VM Arguments:
jvm_args: -agentlib:jdwp=transport=dt_socket,suspend=y,address=localhost:50412 -Djava.library.path=C:\Users\Sam\workspaceGolems\golems\lib\native -Dfile.encoding=Cp1252
java_command: com.golemgame.constructor.GolemsDriver
Launcher Type: SUN_STANDARD

Environment Variables:
CLASSPATH=.;C:\Program Files (x86)\Java\jre6\lib\ext\QTJava.zip
PATH=C:\Program Files (x86)\Java\jdk1.5.0_22\jre\bin;C:/Program Files (x86)/Java/jre6/bin/client;C:/Program Files (x86)/Java/jre6/bin;c:\winavr-20100110\bin;c:\winavr-20100110\utils\bin;C:\Windows\system32;C:\Windows;C:\Windows\system32\wbem;C:\Windows\system32\windowspowershell\v1.0\;c:\program files (x86)\quicktime\qtsystem\;c:\program files (x86)\matlab_sv71\bin\win32;c:\program files (x86)\subversion\bin;c:\program files (x86)\monotone;c:\program files (x86)\openocd\0.4.0\bin;c:\mingw\bin;c:\users\sam\ant\apache-ant-1.8.1\bin;C:\Program Files (x86)\MATLAB_SV7_1\bin\win32;C:\Octave\3.2.4_gcc-4.4.0\bin;C:\Program Files (x86)\Git\bin;C:\Program Files (x86)\doxygen\bin;C:\Python26;C:\Ruby191\bin
USERNAME=Sam
OS=Windows_NT
PROCESSOR_IDENTIFIER=Intel64 Family 6 Model 23 Stepping 6, GenuineIntel



---------------  S Y S T E M  ---------------

OS: Windows 7 , 64 bit Build 7600 

CPU:total 2 (cores per cpu 2, threads per core 1) family 6 model 7 stepping 6, cmov, cx8, fxsr, mmx, sse, sse2

Memory: 4k page, physical 4174196k(1943416k free), swap 4194303k(4194303k free)

vm_info: Java HotSpot(TM) Client VM (1.5.0_22-b03) for windows-x86, built on Oct  9 2009 01:15:45 by "java_re" with MS VC++ 6.0

time: Sun Sep 12 21:20:16 2010
elapsed time: 190 seconds

